<?xml version="1.0" encoding="UTF-8"?>
<testng-results ignored="0" total="1" passed="1" failed="0" skipped="0">
  <reporter-output>
  </reporter-output>
  <suite started-at="2025-03-18T13:54:39 CET" name="Default suite" finished-at="2025-03-18T13:54:39 CET" duration-ms="102">
    <groups>
    </groups>
    <test started-at="2025-03-18T13:54:39 CET" name="Default test" finished-at="2025-03-18T13:54:39 CET" duration-ms="102">
      <class name="MavenTesting.Testabc.LoginTest">
        <test-method signature="abcd()[pri:0, instance:MavenTesting.Testabc.LoginTest@7ee8290b]" started-at="2025-03-18T13:54:39 CET" name="abcd" finished-at="2025-03-18T13:54:39 CET" duration-ms="21" status="PASS">
          <reporter-output>
          </reporter-output>
        </test-method> <!-- abcd -->
      </class> <!-- MavenTesting.Testabc.LoginTest -->
    </test> <!-- Default test -->
  </suite> <!-- Default suite -->
</testng-results>
